root@ip-172-31-19-232:/home/ubuntu/StateFork# python3 -m interface.shell --method podman
INFO:EnvManager.Podman:Building Podman image from directory '.'...
STEP 1/11: FROM python:3.11-slim
STEP 2/11: LABEL authors="alex"
--> Using cache de4069bcbcc232ace73dbe9606e35d93d6bc65c1d087c6de19e767798579df44
--> de4069bcbcc
STEP 3/11: ENV PYTHONDONTWRITEBYTECODE=1
--> Using cache 420f21856571a52b6501ee27dcdf61256031bad15a3339917b47c6c52cd78e8c
--> 420f2185657
STEP 4/11: ENV PYTHONUNBUFFERED=1
--> Using cache 65d8218cc81c557e4538dae7437397e8ebad4eebfe20f74a38a77395c7ef0704
--> 65d8218cc81
STEP 5/11: WORKDIR /app
--> Using cache 0001206461664751a9168f5bf11e977f98753f3dde4734b2fb8c00f363b8b674
--> 00012064616
STEP 6/11: RUN apt-get update && apt-get install -y curl && rm -rf /var/lib/apt/lists/*
--> Using cache 432eb909f0dd47b342c8de73adc797ea37e2fa3a2c9ed1f66e4a23117bb93cec
--> 432eb909f0d
STEP 7/11: COPY requirements.txt .
--> Using cache 878edbd8c57a5ed31344f773f6813fde094cbf5d3daf0738a32483490e11a9fc
--> 878edbd8c57
STEP 8/11: RUN pip install --no-cache-dir -r requirements.txt
--> Using cache e05002d1c387b723078f96b69fd345b19f367dc7cc9bbaf5f00f51aee73d29e9
--> e05002d1c38
STEP 9/11: COPY . .
--> 5d7b70b55ca
STEP 10/11: EXPOSE 8000
--> f9c34dc50eb
STEP 11/11: CMD ["uvicorn", "app.api_server:app", "--host", "0.0.0.0", "--port", "8000"]
COMMIT init_image
--> 827c6a2a9d6
Successfully tagged localhost/init_image:latest
827c6a2a9d60ea23958ffb7dea40ed019f656f98f12e706a065cc0ac0a66252d
INFO:EnvManager.Podman:Launching container 'podman-build' from image 'init_image'...
e39c42fd8a64e0386a777656f509373c44a5792e3ebffbf565b206ccbffb70e0
INFO:EnvManager.Podman:Initializing PodmanHybridManager with container 'podman-build'
e39c42fd8a64e0386a777656f509373c44a5792e3ebffbf565b206ccbffb70e0
==========================================
StateFork Container Manager - Interactive Shell
Using PodmanBuildManager with Podman+CRIU backend

Available commands: snapshot, restore <id>, step, tree, stats, history, exit

StateFork > snapshot
e39c42fd8a64e0386a777656f509373c44a5792e3ebffbf565b206ccbffb70e0
INFO:EnvManager.Base:Snapshot created: c7d3e680 in 0.7401s
Snapshot created: c7d3e680

StateFork > snapshot
e39c42fd8a64e0386a777656f509373c44a5792e3ebffbf565b206ccbffb70e0
INFO:EnvManager.Base:Snapshot created: 20217f40 in 0.6405s
Snapshot created: 20217f40

StateFork > snapshot
e39c42fd8a64e0386a777656f509373c44a5792e3ebffbf565b206ccbffb70e0
INFO:EnvManager.Base:Snapshot created: 0abdc571 in 0.6414s
Snapshot created: 0abdc571

StateFork > step
e39c42fd8a64e0386a777656f509373c44a5792e3ebffbf565b206ccbffb70e0
INFO:EnvManager.Base:Snapshot created: 059c7e3d in 0.6422s
b5dae22de6112aca139c2229572fa7b623ee762a0c2946f746f54c7eb6cf7031
INFO:EnvManager.Base:Container created from snapshot 059c7e3d in 0.7506s
Stepped to new container with snapshot 059c7e3d

StateFork > tree
Snapshot Tree:
 - c4a4c9df
   - c7d3e680
     - 20217f40
       - 0abdc571
         - 059c7e3d (current)


StateFork > restore c4a4c9df
01edd0b8a337add306c8044b93ffd4cc1c52993c49277c1a099b0ad1fa5ebc70
INFO:EnvManager.Base:Environment restored from snapshot c4a4c9df in 1.3872s
Restored to snapshot c4a4c9df

StateFork > step
01edd0b8a337add306c8044b93ffd4cc1c52993c49277c1a099b0ad1fa5ebc70
INFO:EnvManager.Base:Snapshot created: f77741c4 in 0.5415s
37884c9d340ffc09ad4c9af31fcc2eb462aaa73fc9334a14e7c01ab69dd2dc66
INFO:EnvManager.Base:Container created from snapshot f77741c4 in 0.8460s
Stepped to new container with snapshot f77741c4

StateFork > snapshot
37884c9d340ffc09ad4c9af31fcc2eb462aaa73fc9334a14e7c01ab69dd2dc66
INFO:EnvManager.Base:Snapshot created: 6b8401f7 in 0.6419s
Snapshot created: 6b8401f7

StateFork > tree
Snapshot Tree:
 - c4a4c9df
   - c7d3e680
     - 20217f40
       - 0abdc571
         - 059c7e3d
   - f77741c4 (current)
     - 6b8401f7 (last)


StateFork > restore 20217f40
c2432f2bc83d933d27244298774e1f9a43326721dd7838579e44bdb34bbac193
INFO:EnvManager.Base:Environment restored from snapshot 20217f40 in 1.2885s
Restored to snapshot 20217f40

StateFork > restore c4a4c9df
3bab7a224fa295e633058452977d8bf21ea71c4994bd09edec585631e2e858c9
INFO:EnvManager.Base:Environment restored from snapshot c4a4c9df in 1.2851s
Restored to snapshot c4a4c9df

StateFork > step
3bab7a224fa295e633058452977d8bf21ea71c4994bd09edec585631e2e858c9
INFO:EnvManager.Base:Snapshot created: 4bbc3874 in 0.6398s
123144381d33828d3db2bdda399ea9becee541dad9c884f1c11d60c413845101
INFO:EnvManager.Base:Container created from snapshot 4bbc3874 in 0.8481s
Stepped to new container with snapshot 4bbc3874

StateFork > snapshot
123144381d33828d3db2bdda399ea9becee541dad9c884f1c11d60c413845101
INFO:EnvManager.Base:Snapshot created: 33732cb9 in 0.5403s
Snapshot created: 33732cb9

StateFork > history
#1    [SNAPSHOT  ] -> c7d3e680 took 0.7401s
#2    [SNAPSHOT  ] -> 20217f40 took 0.6405s
#3    [SNAPSHOT  ] -> 0abdc571 took 0.6414s
#4    [SNAPSHOT  ] -> 059c7e3d took 0.6422s
#5    [CONTAINER ] -> 059c7e3d took 0.7506s
#6    [RESTORE   ] -> c4a4c9df took 1.3872s
#7    [SNAPSHOT  ] -> f77741c4 took 0.5415s
#8    [CONTAINER ] -> f77741c4 took 0.8460s
#9    [SNAPSHOT  ] -> 6b8401f7 took 0.6419s
#10   [RESTORE   ] -> 20217f40 took 1.2885s
#11   [RESTORE   ] -> c4a4c9df took 1.2851s
#12   [SNAPSHOT  ] -> 4bbc3874 took 0.6398s
#13   [CONTAINER ] -> 4bbc3874 took 0.8481s
#14   [SNAPSHOT  ] -> 33732cb9 took 0.5403s


StateFork > exit
[SNAPSHOT  ] mean=0.628452s median=0.640914s min=0.540270s max=0.740118s
[CONTAINER ] mean=0.814923s median=0.846044s min=0.750588s max=0.848137s
[RESTORE   ] mean=1.320252s median=1.288474s min=1.285105s max=1.387178s

Cleaning up resources...
INFO:EnvManager.Base:Cleaning up environment...
INFO:EnvManager.Podman:Cleaning up Podman container 'podman-build'
INFO:EnvManager.Podman:Cleaning up Podman checkpoint files in /tmp/statefork_podman
INFO:EnvManager.Base:Cleanup complete.