root@ip-172-31-19-232:/home/ubuntu/StateFork# python3 -m scripts.benchmark_time_b --method podman
Starting Time-B benchmark for 5 steps...
[Round 1] Sending init request...
[Round 1] ... Init request successful
[Round 1] Snapshot and stepping...
[Round 1] ... Stepping successful
[Round 1] Waiting for recovery...
[Round 1] ... Ready in 0.004595 seconds

[Round 2] Sending init request...
[Round 2] ... Init request successful
[Round 2] Snapshot and stepping...
[Round 2] ... Stepping successful
[Round 2] Waiting for recovery...
[Round 2] ... Ready in 0.003531 seconds

[Round 3] Sending init request...
[Round 3] ... Init request successful
[Round 3] Snapshot and stepping...
[Round 3] ... Stepping successful
[Round 3] Waiting for recovery...
[Round 3] ... Ready in 0.003534 seconds

[Round 4] Sending init request...
[Round 4] ... Init request successful
[Round 4] Snapshot and stepping...
[Round 4] ... Stepping successful
[Round 4] Waiting for recovery...
[Round 4] ... Ready in 0.003382 seconds

[Round 5] Sending init request...
[Round 5] ... Init request successful
[Round 5] Snapshot and stepping...
[Round 5] ... Stepping successful
[Round 5] Waiting for recovery...
[Round 5] ... Ready in 0.003232 seconds

Average Time-B is 0.003655 seconds when using Podman+CRIU backend.